<?xml version="1.0" encoding="UTF-8"?>
<testsuite name="TestSuite" time="0.034" tests="41" errors="0" skipped="0" failures="0">
  <properties>
    <property name="java.runtime.name" value="Java(TM) SE Runtime Environment"/>
    <property name="sun.boot.library.path" value="/Library/Java/JavaVirtualMachines/jdk1.8.0_151.jdk/Contents/Home/jre/lib"/>
    <property name="java.vm.version" value="25.151-b12"/>
    <property name="user.country.format" value="SE"/>
    <property name="gopherProxySet" value="false"/>
    <property name="java.vm.vendor" value="Oracle Corporation"/>
    <property name="maven.multiModuleProjectDirectory" value="/Users/martin/Documents/EclipseProjects/MartinsCalculator"/>
    <property name="java.vendor.url" value="http://java.oracle.com/"/>
    <property name="path.separator" value=":"/>
    <property name="guice.disable.misplaced.annotation.check" value="true"/>
    <property name="java.vm.name" value="Java HotSpot(TM) 64-Bit Server VM"/>
    <property name="file.encoding.pkg" value="sun.io"/>
    <property name="user.country" value="US"/>
    <property name="sun.java.launcher" value="SUN_STANDARD"/>
    <property name="sun.os.patch.level" value="unknown"/>
    <property name="java.vm.specification.name" value="Java Virtual Machine Specification"/>
    <property name="user.dir" value="/Users/martin/Documents/EclipseProjects/MartinsCalculator"/>
    <property name="java.runtime.version" value="1.8.0_151-b12"/>
    <property name="java.awt.graphicsenv" value="sun.awt.CGraphicsEnvironment"/>
    <property name="java.endorsed.dirs" value="/Library/Java/JavaVirtualMachines/jdk1.8.0_151.jdk/Contents/Home/jre/lib/endorsed"/>
    <property name="os.arch" value="x86_64"/>
    <property name="java.io.tmpdir" value="/var/folders/sy/qmc5_hzn3zqf38z144zdkg500000gn/T/"/>
    <property name="line.separator" value="&#10;"/>
    <property name="java.vm.specification.vendor" value="Oracle Corporation"/>
    <property name="os.name" value="Mac OS X"/>
    <property name="classworlds.conf" value="/Users/martin/Documents/EclipseProjects/.metadata/.plugins/org.eclipse.m2e.launching/launches/m2conf1122767930786260158.tmp"/>
    <property name="sun.jnu.encoding" value="UTF-8"/>
    <property name="java.library.path" value="/Users/martin/Library/Java/Extensions:/Library/Java/Extensions:/Network/Library/Java/Extensions:/System/Library/Java/Extensions:/usr/lib/java:."/>
    <property name="java.specification.name" value="Java Platform API Specification"/>
    <property name="java.class.version" value="52.0"/>
    <property name="sun.management.compiler" value="HotSpot 64-Bit Tiered Compilers"/>
    <property name="os.version" value="10.14.1"/>
    <property name="http.nonProxyHosts" value="local|*.local|169.254/16|*.169.254/16"/>
    <property name="user.home" value="/Users/martin"/>
    <property name="user.timezone" value="Europe/Stockholm"/>
    <property name="java.awt.printerjob" value="sun.lwawt.macosx.CPrinterJob"/>
    <property name="java.specification.version" value="1.8"/>
    <property name="file.encoding" value="UTF-8"/>
    <property name="user.name" value="martin"/>
    <property name="java.class.path" value="/Users/martin/.p2/pool/plugins/org.eclipse.m2e.maven.runtime_1.9.1.20180912-1600/jars/plexus-classworlds-2.5.2.jar"/>
    <property name="java.vm.specification.version" value="1.8"/>
    <property name="sun.arch.data.model" value="64"/>
    <property name="java.home" value="/Library/Java/JavaVirtualMachines/jdk1.8.0_151.jdk/Contents/Home/jre"/>
    <property name="sun.java.command" value="org.codehaus.plexus.classworlds.launcher.Launcher -B test"/>
    <property name="java.specification.vendor" value="Oracle Corporation"/>
    <property name="user.language" value="en"/>
    <property name="awt.toolkit" value="sun.lwawt.macosx.LWCToolkit"/>
    <property name="java.vm.info" value="mixed mode"/>
    <property name="java.version" value="1.8.0_151"/>
    <property name="java.ext.dirs" value="/Users/martin/Library/Java/Extensions:/Library/Java/JavaVirtualMachines/jdk1.8.0_151.jdk/Contents/Home/jre/lib/ext:/Library/Java/Extensions:/Network/Library/Java/Extensions:/System/Library/Java/Extensions:/usr/lib/java"/>
    <property name="sun.boot.class.path" value="/Library/Java/JavaVirtualMachines/jdk1.8.0_151.jdk/Contents/Home/jre/lib/resources.jar:/Library/Java/JavaVirtualMachines/jdk1.8.0_151.jdk/Contents/Home/jre/lib/rt.jar:/Library/Java/JavaVirtualMachines/jdk1.8.0_151.jdk/Contents/Home/jre/lib/sunrsasign.jar:/Library/Java/JavaVirtualMachines/jdk1.8.0_151.jdk/Contents/Home/jre/lib/jsse.jar:/Library/Java/JavaVirtualMachines/jdk1.8.0_151.jdk/Contents/Home/jre/lib/jce.jar:/Library/Java/JavaVirtualMachines/jdk1.8.0_151.jdk/Contents/Home/jre/lib/charsets.jar:/Library/Java/JavaVirtualMachines/jdk1.8.0_151.jdk/Contents/Home/jre/lib/jfr.jar:/Library/Java/JavaVirtualMachines/jdk1.8.0_151.jdk/Contents/Home/jre/classes"/>
    <property name="java.vendor" value="Oracle Corporation"/>
    <property name="maven.home" value="/Users/martin/Documents/EclipseProjects/MartinsCalculator/EMBEDDED"/>
    <property name="file.separator" value="/"/>
    <property name="java.vendor.url.bug" value="http://bugreport.sun.com/bugreport/"/>
    <property name="sun.cpu.endian" value="little"/>
    <property name="sun.io.unicode.encoding" value="UnicodeBig"/>
    <property name="socksNonProxyHosts" value="local|*.local|169.254/16|*.169.254/16"/>
    <property name="ftp.nonProxyHosts" value="local|*.local|169.254/16|*.169.254/16"/>
    <property name="sun.cpu.isalist" value=""/>
  </properties>
  <testcase name="testSubtractionSecondZero on testSubtractionSecondZero(com.kvalit18.martinlindberg.MartinsCalculator.CalcBasicTest)" classname="com.kvalit18.martinlindberg.MartinsCalculator.CalcBasicTest" time="0.006"/>
  <testcase name="testAdditionSecondZero on testAdditionSecondZero(com.kvalit18.martinlindberg.MartinsCalculator.CalcBasicTest)" classname="com.kvalit18.martinlindberg.MartinsCalculator.CalcBasicTest" time="0.003"/>
  <testcase name="testAdditionZeros on testAdditionZeros(com.kvalit18.martinlindberg.MartinsCalculator.CalcBasicTest)" classname="com.kvalit18.martinlindberg.MartinsCalculator.CalcBasicTest" time="0"/>
  <testcase name="testAdditionPositive on testAdditionPositive(com.kvalit18.martinlindberg.MartinsCalculator.CalcBasicTest)" classname="com.kvalit18.martinlindberg.MartinsCalculator.CalcBasicTest" time="0.003"/>
  <testcase name="testAdditionNegative on testAdditionNegative(com.kvalit18.martinlindberg.MartinsCalculator.CalcBasicTest)" classname="com.kvalit18.martinlindberg.MartinsCalculator.CalcBasicTest" time="0"/>
  <testcase name="testMultiplicationFirstZeros on testMultiplicationFirstZeros(com.kvalit18.martinlindberg.MartinsCalculator.CalcBasicTest)" classname="com.kvalit18.martinlindberg.MartinsCalculator.CalcBasicTest" time="0"/>
  <testcase name="testDivisionFirstZero on testDivisionFirstZero(com.kvalit18.martinlindberg.MartinsCalculator.CalcBasicTest)" classname="com.kvalit18.martinlindberg.MartinsCalculator.CalcBasicTest" time="0"/>
  <testcase name="testMultiplicationSecondZero on testMultiplicationSecondZero(com.kvalit18.martinlindberg.MartinsCalculator.CalcBasicTest)" classname="com.kvalit18.martinlindberg.MartinsCalculator.CalcBasicTest" time="0.001"/>
  <testcase name="testMultiplicationPositive on testMultiplicationPositive(com.kvalit18.martinlindberg.MartinsCalculator.CalcBasicTest)" classname="com.kvalit18.martinlindberg.MartinsCalculator.CalcBasicTest" time="0.001"/>
  <testcase name="testDivisionPositive on testDivisionPositive(com.kvalit18.martinlindberg.MartinsCalculator.CalcBasicTest)" classname="com.kvalit18.martinlindberg.MartinsCalculator.CalcBasicTest" time="0.001"/>
  <testcase name="testMultiplicationNegative on testMultiplicationNegative(com.kvalit18.martinlindberg.MartinsCalculator.CalcBasicTest)" classname="com.kvalit18.martinlindberg.MartinsCalculator.CalcBasicTest" time="0.001"/>
  <testcase name="testDivisionNegative on testDivisionNegative(com.kvalit18.martinlindberg.MartinsCalculator.CalcBasicTest)" classname="com.kvalit18.martinlindberg.MartinsCalculator.CalcBasicTest" time="0.001"/>
  <testcase name="testSubtractionPositive on testSubtractionPositive(com.kvalit18.martinlindberg.MartinsCalculator.CalcBasicTest)" classname="com.kvalit18.martinlindberg.MartinsCalculator.CalcBasicTest" time="0"/>
  <testcase name="testAdditionFirstZero on testAdditionFirstZero(com.kvalit18.martinlindberg.MartinsCalculator.CalcBasicTest)" classname="com.kvalit18.martinlindberg.MartinsCalculator.CalcBasicTest" time="0"/>
  <testcase name="testSubtraction3FirstZero on testSubtraction3FirstZero(com.kvalit18.martinlindberg.MartinsCalculator.CalcBasicTest)" classname="com.kvalit18.martinlindberg.MartinsCalculator.CalcBasicTest" time="0"/>
  <testcase name="testSubtractionNegative on testSubtractionNegative(com.kvalit18.martinlindberg.MartinsCalculator.CalcBasicTest)" classname="com.kvalit18.martinlindberg.MartinsCalculator.CalcBasicTest" time="0"/>
  <testcase name="testMultiplicationZeros on testMultiplicationZeros(com.kvalit18.martinlindberg.MartinsCalculator.CalcBasicTest)" classname="com.kvalit18.martinlindberg.MartinsCalculator.CalcBasicTest" time="0"/>
  <testcase name="testDivisionSecondZero on testDivisionSecondZero(com.kvalit18.martinlindberg.MartinsCalculator.CalcBasicTest)" classname="com.kvalit18.martinlindberg.MartinsCalculator.CalcBasicTest" time="0.008"/>
  <testcase name="testSubtractionZeros on testSubtractionZeros(com.kvalit18.martinlindberg.MartinsCalculator.CalcBasicTest)" classname="com.kvalit18.martinlindberg.MartinsCalculator.CalcBasicTest" time="0.001"/>
  <testcase name="testDivisionZeros on testDivisionZeros(com.kvalit18.martinlindberg.MartinsCalculator.CalcBasicTest)" classname="com.kvalit18.martinlindberg.MartinsCalculator.CalcBasicTest" time="0.001"/>
  <testcase name="testTanWithPositive on testTanWithPositive(com.kvalit18.martinlindberg.MartinsCalculator.CalcAdvTest)" classname="com.kvalit18.martinlindberg.MartinsCalculator.CalcAdvTest" time="0.001"/>
  <testcase name="testTanWithNegative on testTanWithNegative(com.kvalit18.martinlindberg.MartinsCalculator.CalcAdvTest)" classname="com.kvalit18.martinlindberg.MartinsCalculator.CalcAdvTest" time="0.001"/>
  <testcase name="testCosWithPositive on testCosWithPositive(com.kvalit18.martinlindberg.MartinsCalculator.CalcAdvTest)" classname="com.kvalit18.martinlindberg.MartinsCalculator.CalcAdvTest" time="0"/>
  <testcase name="testCosWithNegative on testCosWithNegative(com.kvalit18.martinlindberg.MartinsCalculator.CalcAdvTest)" classname="com.kvalit18.martinlindberg.MartinsCalculator.CalcAdvTest" time="0"/>
  <testcase name="testSinhWithPositive on testSinhWithPositive(com.kvalit18.martinlindberg.MartinsCalculator.CalcAdvTest)" classname="com.kvalit18.martinlindberg.MartinsCalculator.CalcAdvTest" time="0.001"/>
  <testcase name="testSinhWithNegative on testSinhWithNegative(com.kvalit18.martinlindberg.MartinsCalculator.CalcAdvTest)" classname="com.kvalit18.martinlindberg.MartinsCalculator.CalcAdvTest" time="0"/>
  <testcase name="testCosWithZero on testCosWithZero(com.kvalit18.martinlindberg.MartinsCalculator.CalcAdvTest)" classname="com.kvalit18.martinlindberg.MartinsCalculator.CalcAdvTest" time="0"/>
  <testcase name="testSinhWithZero on testSinhWithZero(com.kvalit18.martinlindberg.MartinsCalculator.CalcAdvTest)" classname="com.kvalit18.martinlindberg.MartinsCalculator.CalcAdvTest" time="0"/>
  <testcase name="testcbrtWithZero on testcbrtWithZero(com.kvalit18.martinlindberg.MartinsCalculator.CalcAdvTest)" classname="com.kvalit18.martinlindberg.MartinsCalculator.CalcAdvTest" time="0.001"/>
  <testcase name="testRootWithPositive on testRootWithPositive(com.kvalit18.martinlindberg.MartinsCalculator.CalcAdvTest)" classname="com.kvalit18.martinlindberg.MartinsCalculator.CalcAdvTest" time="0"/>
  <testcase name="testRootWithNegative on testRootWithNegative(com.kvalit18.martinlindberg.MartinsCalculator.CalcAdvTest)" classname="com.kvalit18.martinlindberg.MartinsCalculator.CalcAdvTest" time="0"/>
  <testcase name="testcbrtWithPositive on testcbrtWithPositive(com.kvalit18.martinlindberg.MartinsCalculator.CalcAdvTest)" classname="com.kvalit18.martinlindberg.MartinsCalculator.CalcAdvTest" time="0.001"/>
  <testcase name="testcbrtWithNegative on testcbrtWithNegative(com.kvalit18.martinlindberg.MartinsCalculator.CalcAdvTest)" classname="com.kvalit18.martinlindberg.MartinsCalculator.CalcAdvTest" time="0"/>
  <testcase name="testRootWithZero on testRootWithZero(com.kvalit18.martinlindberg.MartinsCalculator.CalcAdvTest)" classname="com.kvalit18.martinlindberg.MartinsCalculator.CalcAdvTest" time="0.001"/>
  <testcase name="testPiWithPositive on testPiWithPositive(com.kvalit18.martinlindberg.MartinsCalculator.CalcAdvTest)" classname="com.kvalit18.martinlindberg.MartinsCalculator.CalcAdvTest" time="0"/>
  <testcase name="testPiWithNegative on testPiWithNegative(com.kvalit18.martinlindberg.MartinsCalculator.CalcAdvTest)" classname="com.kvalit18.martinlindberg.MartinsCalculator.CalcAdvTest" time="0"/>
  <testcase name="testSinWithPositive on testSinWithPositive(com.kvalit18.martinlindberg.MartinsCalculator.CalcAdvTest)" classname="com.kvalit18.martinlindberg.MartinsCalculator.CalcAdvTest" time="0"/>
  <testcase name="testSinWithNegative on testSinWithNegative(com.kvalit18.martinlindberg.MartinsCalculator.CalcAdvTest)" classname="com.kvalit18.martinlindberg.MartinsCalculator.CalcAdvTest" time="0"/>
  <testcase name="testPiWithZero on testPiWithZero(com.kvalit18.martinlindberg.MartinsCalculator.CalcAdvTest)" classname="com.kvalit18.martinlindberg.MartinsCalculator.CalcAdvTest" time="0.001"/>
  <testcase name="testTanWithZero on testTanWithZero(com.kvalit18.martinlindberg.MartinsCalculator.CalcAdvTest)" classname="com.kvalit18.martinlindberg.MartinsCalculator.CalcAdvTest" time="0"/>
  <testcase name="testSinWithZero on testSinWithZero(com.kvalit18.martinlindberg.MartinsCalculator.CalcAdvTest)" classname="com.kvalit18.martinlindberg.MartinsCalculator.CalcAdvTest" time="0"/>
</testsuite>