<?xml version="1.0" encoding="UTF-8"?>
<!-- Generated by org.testng.reporters.JUnitReportReporter -->
<testsuite hostname="MacBook-Pro-4.lan" name="com.kvalit18.martinlindberg.MartinsCalculator.AppTest" tests="1" failures="0" timestamp="13 Dec 2018 11:36:58 GMT" time="0.007" errors="0">
  <testcase name="testApp" time="0.007" classname="com.kvalit18.martinlindberg.MartinsCalculator.AppTest"/>
</testsuite> <!-- com.kvalit18.martinlindberg.MartinsCalculator.AppTest -->
