<?xml version="1.0" encoding="UTF-8"?>
<!-- Generated by org.testng.reporters.JUnitReportReporter -->
<testsuite hostname="MacBook-Pro-4.lan" name="com.kvalit18.martinlindberg.MartinsCalculator.CalcAdvTest" tests="21" failures="0" timestamp="20 Dec 2018 16:43:35 GMT" time="0.005" errors="0">
  <testcase name="testcbrtWithZero" time="0.000" classname="com.kvalit18.martinlindberg.MartinsCalculator.CalcAdvTest"/>
  <testcase name="testcbrtWithPositive" time="0.000" classname="com.kvalit18.martinlindberg.MartinsCalculator.CalcAdvTest"/>
  <testcase name="testRootWithZero" time="0.001" classname="com.kvalit18.martinlindberg.MartinsCalculator.CalcAdvTest"/>
  <testcase name="testCosWithNegative" time="0.001" classname="com.kvalit18.martinlindberg.MartinsCalculator.CalcAdvTest"/>
  <testcase name="testCosWithZero" time="0.001" classname="com.kvalit18.martinlindberg.MartinsCalculator.CalcAdvTest"/>
  <testcase name="testTanWithPositive" time="0.001" classname="com.kvalit18.martinlindberg.MartinsCalculator.CalcAdvTest"/>
  <testcase name="testRootWithPositive" time="0.000" classname="com.kvalit18.martinlindberg.MartinsCalculator.CalcAdvTest"/>
  <testcase name="testPiWithNegative" time="0.000" classname="com.kvalit18.martinlindberg.MartinsCalculator.CalcAdvTest"/>
  <testcase name="testSinWithNegative" time="0.000" classname="com.kvalit18.martinlindberg.MartinsCalculator.CalcAdvTest"/>
  <testcase name="testSinhWithNegative" time="0.000" classname="com.kvalit18.martinlindberg.MartinsCalculator.CalcAdvTest"/>
  <testcase name="testRootWithNegative" time="0.000" classname="com.kvalit18.martinlindberg.MartinsCalculator.CalcAdvTest"/>
  <testcase name="testSinWithZero" time="0.000" classname="com.kvalit18.martinlindberg.MartinsCalculator.CalcAdvTest"/>
  <testcase name="testSinWithPositive" time="0.000" classname="com.kvalit18.martinlindberg.MartinsCalculator.CalcAdvTest"/>
  <testcase name="testCosWithPositive" time="0.000" classname="com.kvalit18.martinlindberg.MartinsCalculator.CalcAdvTest"/>
  <testcase name="testPiWithZero" time="0.000" classname="com.kvalit18.martinlindberg.MartinsCalculator.CalcAdvTest"/>
  <testcase name="testSinhWithZero" time="0.000" classname="com.kvalit18.martinlindberg.MartinsCalculator.CalcAdvTest"/>
  <testcase name="testSinhWithPositive" time="0.001" classname="com.kvalit18.martinlindberg.MartinsCalculator.CalcAdvTest"/>
  <testcase name="testcbrtWithNegative" time="0.000" classname="com.kvalit18.martinlindberg.MartinsCalculator.CalcAdvTest"/>
  <testcase name="testTanWithNegative" time="0.000" classname="com.kvalit18.martinlindberg.MartinsCalculator.CalcAdvTest"/>
  <testcase name="testTanWithZero" time="0.000" classname="com.kvalit18.martinlindberg.MartinsCalculator.CalcAdvTest"/>
  <testcase name="testPiWithPositive" time="0.000" classname="com.kvalit18.martinlindberg.MartinsCalculator.CalcAdvTest"/>
</testsuite> <!-- com.kvalit18.martinlindberg.MartinsCalculator.CalcAdvTest -->
