<?xml version="1.0" encoding="UTF-8"?>
<!-- Generated by org.testng.reporters.JUnitReportReporter -->
<testsuite hostname="MacBook-Pro-4.lan" name="com.kvalit18.martinlindberg.MartinsCalculator.CalcBasicTest" tests="20" failures="0" timestamp="20 Dec 2018 16:43:35 GMT" time="0.035" errors="0">
  <testcase name="testDivisionSecondZero" time="0.008" classname="com.kvalit18.martinlindberg.MartinsCalculator.CalcBasicTest"/>
  <testcase name="testSubtractionPositive" time="0.000" classname="com.kvalit18.martinlindberg.MartinsCalculator.CalcBasicTest"/>
  <testcase name="testMultiplicationNegative" time="0.001" classname="com.kvalit18.martinlindberg.MartinsCalculator.CalcBasicTest"/>
  <testcase name="testDivisionZeros" time="0.000" classname="com.kvalit18.martinlindberg.MartinsCalculator.CalcBasicTest"/>
  <testcase name="testSubtractionZeros" time="0.001" classname="com.kvalit18.martinlindberg.MartinsCalculator.CalcBasicTest"/>
  <testcase name="testSubtractionSecondZero" time="0.009" classname="com.kvalit18.martinlindberg.MartinsCalculator.CalcBasicTest"/>
  <testcase name="testDivisionNegative" time="0.000" classname="com.kvalit18.martinlindberg.MartinsCalculator.CalcBasicTest"/>
  <testcase name="testMultiplicationPositive" time="0.001" classname="com.kvalit18.martinlindberg.MartinsCalculator.CalcBasicTest"/>
  <testcase name="testAdditionSecondZero" time="0.005" classname="com.kvalit18.martinlindberg.MartinsCalculator.CalcBasicTest"/>
  <testcase name="testAdditionNegative" time="0.001" classname="com.kvalit18.martinlindberg.MartinsCalculator.CalcBasicTest"/>
  <testcase name="testDivisionFirstZero" time="0.000" classname="com.kvalit18.martinlindberg.MartinsCalculator.CalcBasicTest"/>
  <testcase name="testSubtraction3FirstZero" time="0.001" classname="com.kvalit18.martinlindberg.MartinsCalculator.CalcBasicTest"/>
  <testcase name="testSubtractionNegative" time="0.001" classname="com.kvalit18.martinlindberg.MartinsCalculator.CalcBasicTest"/>
  <testcase name="testDivisionPositive" time="0.001" classname="com.kvalit18.martinlindberg.MartinsCalculator.CalcBasicTest"/>
  <testcase name="testAdditionZeros" time="0.001" classname="com.kvalit18.martinlindberg.MartinsCalculator.CalcBasicTest"/>
  <testcase name="testAdditionPositive" time="0.003" classname="com.kvalit18.martinlindberg.MartinsCalculator.CalcBasicTest"/>
  <testcase name="testMultiplicationFirstZeros" time="0.000" classname="com.kvalit18.martinlindberg.MartinsCalculator.CalcBasicTest"/>
  <testcase name="testMultiplicationZeros" time="0.001" classname="com.kvalit18.martinlindberg.MartinsCalculator.CalcBasicTest"/>
  <testcase name="testAdditionFirstZero" time="0.000" classname="com.kvalit18.martinlindberg.MartinsCalculator.CalcBasicTest"/>
  <testcase name="testMultiplicationSecondZero" time="0.001" classname="com.kvalit18.martinlindberg.MartinsCalculator.CalcBasicTest"/>
</testsuite> <!-- com.kvalit18.martinlindberg.MartinsCalculator.CalcBasicTest -->
