<?xml version="1.0" encoding="UTF-8"?>
<!-- Generated by org.testng.reporters.JUnitReportReporter -->
<testsuite hostname="MacBook-Pro-4.lan" name="com.kvalit18.martinlindberg.MartinsCalculator.MethodsTest" tests="1" failures="0" timestamp="13 Dec 2018 11:36:58 GMT" time="0.000" errors="0">
  <testcase name="test" time="0.000" classname="com.kvalit18.martinlindberg.MartinsCalculator.MethodsTest"/>
</testsuite> <!-- com.kvalit18.martinlindberg.MartinsCalculator.MethodsTest -->
